# JRE version: Java(TM) SE Runtime Environment (8.0_131-b11) (build 1.8.0_131-b11)
# Java VM: Java HotSpot(TM) 64-Bit Server VM (25.131-b11 mixed mode windows-amd64 compressed oops)
Heap:
 PSYoungGen      total 167936K, used 68152K [0x00000000eb500000, 0x00000000fa580000, 0x0000000100000000)
  eden space 154112K, 35% used [0x00000000eb500000,0x00000000eea0fa20,0x00000000f4b80000)
  from space 13824K, 99% used [0x00000000f4b80000,0x00000000f58fe950,0x00000000f5900000)
  to   space 18432K, 0% used [0x00000000f9380000,0x00000000f9380000,0x00000000fa580000)
 ParOldGen       total 50688K, used 24664K [0x00000000c1e00000, 0x00000000c4f80000, 0x00000000eb500000)
  object space 50688K, 48% used [0x00000000c1e00000,0x00000000c3616278,0x00000000c4f80000)
 Metaspace       used 54798K, capacity 57354K, committed 57472K, reserved 1099776K
  class space    used 7583K, capacity 8043K, committed 8064K, reserved 1048576K
GC Heap History (10 events):
Event: 3.142 GC heap before
{Heap before GC invocations=9 (full 1):
 PSYoungGen      total 70656K, used 63998K [0x00000000eb500000, 0x00000000f4300000, 0x0000000100000000)
  eden space 64000K, 99% used [0x00000000eb500000,0x00000000ef37f9b8,0x00000000ef380000)
  from space 6656K, 0% used [0x00000000ef380000,0x00000000ef380000,0x00000000efa00000)
  to   space 8704K, 0% used [0x00000000f3a80000,0x00000000f3a80000,0x00000000f4300000)
 ParOldGen       total 32256K, used 8838K [0x00000000c1e00000, 0x00000000c3d80000, 0x00000000eb500000)
  object space 32256K, 27% used [0x00000000c1e00000,0x00000000c26a1898,0x00000000c3d80000)
 Metaspace       used 23223K, capacity 23842K, committed 23936K, reserved 1071104K
  class space    used 3014K, capacity 3184K, committed 3200K, reserved 1048576K
Event: 3.151 GC heap after
Heap after GC invocations=9 (full 1):
 PSYoungGen      total 114176K, used 3309K [0x00000000eb500000, 0x00000000f3e00000, 0x0000000100000000)
  eden space 110592K, 0% used [0x00000000eb500000,0x00000000eb500000,0x00000000f2100000)
  from space 3584K, 92% used [0x00000000f3a80000,0x00000000f3dbb5a0,0x00000000f3e00000)
  to   space 8704K, 0% used [0x00000000f2d00000,0x00000000f2d00000,0x00000000f3580000)
 ParOldGen       total 32256K, used 8910K [0x00000000c1e00000, 0x00000000c3d80000, 0x00000000eb500000)
  object space 32256K, 27% used [0x00000000c1e00000,0x00000000c26b38a8,0x00000000c3d80000)
 Metaspace       used 23223K, capacity 23842K, committed 23936K, reserved 1071104K
  class space    used 3014K, capacity 3184K, committed 3200K, reserved 1048576K
}
Event: 6.766 GC heap before
{Heap before GC invocations=10 (full 1):
 PSYoungGen      total 114176K, used 113901K [0x00000000eb500000, 0x00000000f3e00000, 0x0000000100000000)
  eden space 110592K, 100% used [0x00000000eb500000,0x00000000f2100000,0x00000000f2100000)
  from space 3584K, 92% used [0x00000000f3a80000,0x00000000f3dbb5a0,0x00000000f3e00000)
  to   space 8704K, 0% used [0x00000000f2d00000,0x00000000f2d00000,0x00000000f3580000)
 ParOldGen       total 32256K, used 8910K [0x00000000c1e00000, 0x00000000c3d80000, 0x00000000eb500000)
  object space 32256K, 27% used [0x00000000c1e00000,0x00000000c26b38a8,0x00000000c3d80000)
 Metaspace       used 30928K, capacity 32450K, committed 32640K, reserved 1077248K
  class space    used 4092K, capacity 4379K, committed 4480K, reserved 1048576K
Event: 6.790 GC heap after
Heap after GC invocations=10 (full 1):
 PSYoungGen      total 131584K, used 8696K [0x00000000eb500000, 0x00000000f6500000, 0x0000000100000000)
  eden space 122880K, 0% used [0x00000000eb500000,0x00000000eb500000,0x00000000f2d00000)
  from space 8704K, 99% used [0x00000000f2d00000,0x00000000f357e3e8,0x00000000f3580000)
  to   space 12288K, 0% used [0x00000000f5900000,0x00000000f5900000,0x00000000f6500000)
 ParOldGen       total 32256K, used 15049K [0x00000000c1e00000, 0x00000000c3d80000, 0x00000000eb500000)
  object space 32256K, 46% used [0x00000000c1e00000,0x00000000c2cb2508,0x00000000c3d80000)
 Metaspace       used 30928K, capacity 32450K, committed 32640K, reserved 1077248K
  class space    used 4092K, capacity 4379K, committed 4480K, reserved 1048576K
}
Event: 7.954 GC heap before
{Heap before GC invocations=11 (full 1):
 PSYoungGen      total 131584K, used 103739K [0x00000000eb500000, 0x00000000f6500000, 0x0000000100000000)
  eden space 122880K, 77% used [0x00000000eb500000,0x00000000f11d0bb8,0x00000000f2d00000)
  from space 8704K, 99% used [0x00000000f2d00000,0x00000000f357e3e8,0x00000000f3580000)
  to   space 12288K, 0% used [0x00000000f5900000,0x00000000f5900000,0x00000000f6500000)
 ParOldGen       total 32256K, used 15049K [0x00000000c1e00000, 0x00000000c3d80000, 0x00000000eb500000)
  object space 32256K, 46% used [0x00000000c1e00000,0x00000000c2cb2508,0x00000000c3d80000)
 Metaspace       used 33780K, capacity 35378K, committed 35456K, reserved 1079296K
  class space    used 4412K, capacity 4719K, committed 4736K, reserved 1048576K
Event: 7.971 GC heap after
Heap after GC invocations=11 (full 1):
 PSYoungGen      total 166400K, used 10826K [0x00000000eb500000, 0x00000000f7600000, 0x0000000100000000)
  eden space 154112K, 0% used [0x00000000eb500000,0x00000000eb500000,0x00000000f4b80000)
  from space 12288K, 88% used [0x00000000f5900000,0x00000000f6392878,0x00000000f6500000)
  to   space 13824K, 0% used [0x00000000f4b80000,0x00000000f4b80000,0x00000000f5900000)
 ParOldGen       total 32256K, used 16898K [0x00000000c1e00000, 0x00000000c3d80000, 0x00000000eb500000)
  object space 32256K, 52% used [0x00000000c1e00000,0x00000000c2e80a28,0x00000000c3d80000)
 Metaspace       used 33780K, capacity 35378K, committed 35456K, reserved 1079296K
  class space    used 4412K, capacity 4719K, committed 4736K, reserved 1048576K
}
Event: 7.971 GC heap before
{Heap before GC invocations=12 (full 2):
 PSYoungGen      total 166400K, used 10826K [0x00000000eb500000, 0x00000000f7600000, 0x0000000100000000)
  eden space 154112K, 0% used [0x00000000eb500000,0x00000000eb500000,0x00000000f4b80000)
  from space 12288K, 88% used [0x00000000f5900000,0x00000000f6392878,0x00000000f6500000)
  to   space 13824K, 0% used [0x00000000f4b80000,0x00000000f4b80000,0x00000000f5900000)
 ParOldGen       total 32256K, used 16898K [0x00000000c1e00000, 0x00000000c3d80000, 0x00000000eb500000)
  object space 32256K, 52% used [0x00000000c1e00000,0x00000000c2e80a28,0x00000000c3d80000)
 Metaspace       used 33780K, capacity 35378K, committed 35456K, reserved 1079296K
  class space    used 4412K, capacity 4719K, committed 4736K, reserved 1048576K
Event: 8.066 GC heap after
Heap after GC invocations=12 (full 2):
 PSYoungGen      total 166400K, used 0K [0x00000000eb500000, 0x00000000f7600000, 0x0000000100000000)
  eden space 154112K, 0% used [0x00000000eb500000,0x00000000eb500000,0x00000000f4b80000)
  from space 12288K, 0% used [0x00000000f5900000,0x00000000f5900000,0x00000000f6500000)
  to   space 13824K, 0% used [0x00000000f4b80000,0x00000000f4b80000,0x00000000f5900000)
 ParOldGen       total 50688K, used 17704K [0x00000000c1e00000, 0x00000000c4f80000, 0x00000000eb500000)
  object space 50688K, 34% used [0x00000000c1e00000,0x00000000c2f4a210,0x00000000c4f80000)
 Metaspace       used 33780K, capacity 35378K, committed 35456K, reserved 1079296K
  class space    used 4412K, capacity 4719K, committed 4736K, reserved 1048576K
}
Event: 13.328 GC heap before
{Heap before GC invocations=13 (full 2):
 PSYoungGen      total 166400K, used 154112K [0x00000000eb500000, 0x00000000f7600000, 0x0000000100000000)
  eden space 154112K, 100% used [0x00000000eb500000,0x00000000f4b80000,0x00000000f4b80000)
  from space 12288K, 0% used [0x00000000f5900000,0x00000000f5900000,0x00000000f6500000)
  to   space 13824K, 0% used [0x00000000f4b80000,0x00000000f4b80000,0x00000000f5900000)
 ParOldGen       total 50688K, used 17704K [0x00000000c1e00000, 0x00000000c4f80000, 0x00000000eb500000)
  object space 50688K, 34% used [0x00000000c1e00000,0x00000000c2f4a210,0x00000000c4f80000)
 Metaspace       used 52380K, capacity 54614K, committed 54784K, reserved 1095680K
  class space    used 7233K, capacity 7641K, committed 7680K, reserved 1048576K
Event: 13.356 GC heap after
Heap after GC invocations=13 (full 2):
 PSYoungGen      total 167936K, used 13818K [0x00000000eb500000, 0x00000000fa580000, 0x0000000100000000)
  eden space 154112K, 0% used [0x00000000eb500000,0x00000000eb500000,0x00000000f4b80000)
  from space 13824K, 99% used [0x00000000f4b80000,0x00000000f58fe950,0x00000000f5900000)
  to   space 18432K, 0% used [0x00000000f9380000,0x00000000f9380000,0x00000000fa580000)
 ParOldGen       total 50688K, used 24664K [0x00000000c1e00000, 0x00000000c4f80000, 0x00000000eb500000)
  object space 50688K, 48% used [0x00000000c1e00000,0x00000000c3616278,0x00000000c4f80000)
 Metaspace       used 52380K, capacity 54614K, committed 54784K, reserved 1095680K
  class space    used 7233K, capacity 7641K, committed 7680K, reserved 1048576K
}

