# JRE version: Java(TM) SE Runtime Environment (8.0_131-b11) (build 1.8.0_131-b11)
# Java VM: Java HotSpot(TM) 64-Bit Server VM (25.131-b11 mixed mode windows-amd64 compressed oops)
Heap:
 PSYoungGen      total 181248K, used 23598K [0x00000000eb500000, 0x00000000fba80000, 0x0000000100000000)
  eden space 167936K, 6% used [0x00000000eb500000,0x00000000ebf106c8,0x00000000f5900000)
  from space 13312K, 99% used [0x00000000f5900000,0x00000000f65fb1f8,0x00000000f6600000)
  to   space 18432K, 0% used [0x00000000fa880000,0x00000000fa880000,0x00000000fba80000)
 ParOldGen       total 48640K, used 26570K [0x00000000c1e00000, 0x00000000c4d80000, 0x00000000eb500000)
  object space 48640K, 54% used [0x00000000c1e00000,0x00000000c37f2960,0x00000000c4d80000)
 Metaspace       used 53545K, capacity 55928K, committed 56064K, reserved 1097728K
  class space    used 7397K, capacity 7826K, committed 7936K, reserved 1048576K
GC Heap History (10 events):
Event: 7.152 GC heap before
{Heap before GC invocations=9 (full 1):
 PSYoungGen      total 70656K, used 63959K [0x00000000eb500000, 0x00000000f4300000, 0x0000000100000000)
  eden space 64000K, 99% used [0x00000000eb500000,0x00000000ef375fe0,0x00000000ef380000)
  from space 6656K, 0% used [0x00000000ef380000,0x00000000ef380000,0x00000000efa00000)
  to   space 8704K, 0% used [0x00000000f3a80000,0x00000000f3a80000,0x00000000f4300000)
 ParOldGen       total 30720K, used 8400K [0x00000000c1e00000, 0x00000000c3c00000, 0x00000000eb500000)
  object space 30720K, 27% used [0x00000000c1e00000,0x00000000c2634208,0x00000000c3c00000)
 Metaspace       used 23220K, capacity 23878K, committed 24064K, reserved 1071104K
  class space    used 3016K, capacity 3216K, committed 3328K, reserved 1048576K
Event: 7.162 GC heap after
Heap after GC invocations=9 (full 1):
 PSYoungGen      total 119808K, used 3608K [0x00000000eb500000, 0x00000000f3e80000, 0x0000000100000000)
  eden space 115712K, 0% used [0x00000000eb500000,0x00000000eb500000,0x00000000f2600000)
  from space 4096K, 88% used [0x00000000f3a80000,0x00000000f3e062e8,0x00000000f3e80000)
  to   space 8192K, 0% used [0x00000000f2e80000,0x00000000f2e80000,0x00000000f3680000)
 ParOldGen       total 30720K, used 8408K [0x00000000c1e00000, 0x00000000c3c00000, 0x00000000eb500000)
  object space 30720K, 27% used [0x00000000c1e00000,0x00000000c2636208,0x00000000c3c00000)
 Metaspace       used 23220K, capacity 23878K, committed 24064K, reserved 1071104K
  class space    used 3016K, capacity 3216K, committed 3328K, reserved 1048576K
}
Event: 10.284 GC heap before
{Heap before GC invocations=10 (full 1):
 PSYoungGen      total 119808K, used 119320K [0x00000000eb500000, 0x00000000f3e80000, 0x0000000100000000)
  eden space 115712K, 100% used [0x00000000eb500000,0x00000000f2600000,0x00000000f2600000)
  from space 4096K, 88% used [0x00000000f3a80000,0x00000000f3e062e8,0x00000000f3e80000)
  to   space 8192K, 0% used [0x00000000f2e80000,0x00000000f2e80000,0x00000000f3680000)
 ParOldGen       total 30720K, used 8408K [0x00000000c1e00000, 0x00000000c3c00000, 0x00000000eb500000)
  object space 30720K, 27% used [0x00000000c1e00000,0x00000000c2636208,0x00000000c3c00000)
 Metaspace       used 30855K, capacity 32382K, committed 32640K, reserved 1077248K
  class space    used 4088K, capacity 4379K, committed 4480K, reserved 1048576K
Event: 10.303 GC heap after
Heap after GC invocations=10 (full 1):
 PSYoungGen      total 132608K, used 8181K [0x00000000eb500000, 0x00000000f7200000, 0x0000000100000000)
  eden space 124416K, 0% used [0x00000000eb500000,0x00000000eb500000,0x00000000f2e80000)
  from space 8192K, 99% used [0x00000000f2e80000,0x00000000f367d7c8,0x00000000f3680000)
  to   space 12288K, 0% used [0x00000000f6600000,0x00000000f6600000,0x00000000f7200000)
 ParOldGen       total 30720K, used 14700K [0x00000000c1e00000, 0x00000000c3c00000, 0x00000000eb500000)
  object space 30720K, 47% used [0x00000000c1e00000,0x00000000c2c5b098,0x00000000c3c00000)
 Metaspace       used 30855K, capacity 32382K, committed 32640K, reserved 1077248K
  class space    used 4088K, capacity 4379K, committed 4480K, reserved 1048576K
}
Event: 11.333 GC heap before
{Heap before GC invocations=11 (full 1):
 PSYoungGen      total 132608K, used 103710K [0x00000000eb500000, 0x00000000f7200000, 0x0000000100000000)
  eden space 124416K, 76% used [0x00000000eb500000,0x00000000f124a3f0,0x00000000f2e80000)
  from space 8192K, 99% used [0x00000000f2e80000,0x00000000f367d7c8,0x00000000f3680000)
  to   space 12288K, 0% used [0x00000000f6600000,0x00000000f6600000,0x00000000f7200000)
 ParOldGen       total 30720K, used 14700K [0x00000000c1e00000, 0x00000000c3c00000, 0x00000000eb500000)
  object space 30720K, 47% used [0x00000000c1e00000,0x00000000c2c5b098,0x00000000c3c00000)
 Metaspace       used 33835K, capacity 35382K, committed 35456K, reserved 1079296K
  class space    used 4423K, capacity 4719K, committed 4736K, reserved 1048576K
Event: 11.353 GC heap after
Heap after GC invocations=11 (full 1):
 PSYoungGen      total 180224K, used 10844K [0x00000000eb500000, 0x00000000f7f80000, 0x0000000100000000)
  eden space 167936K, 0% used [0x00000000eb500000,0x00000000eb500000,0x00000000f5900000)
  from space 12288K, 88% used [0x00000000f6600000,0x00000000f7097138,0x00000000f7200000)
  to   space 13312K, 0% used [0x00000000f5900000,0x00000000f5900000,0x00000000f6600000)
 ParOldGen       total 30720K, used 16620K [0x00000000c1e00000, 0x00000000c3c00000, 0x00000000eb500000)
  object space 30720K, 54% used [0x00000000c1e00000,0x00000000c2e3b1f8,0x00000000c3c00000)
 Metaspace       used 33835K, capacity 35382K, committed 35456K, reserved 1079296K
  class space    used 4423K, capacity 4719K, committed 4736K, reserved 1048576K
}
Event: 11.353 GC heap before
{Heap before GC invocations=12 (full 2):
 PSYoungGen      total 180224K, used 10844K [0x00000000eb500000, 0x00000000f7f80000, 0x0000000100000000)
  eden space 167936K, 0% used [0x00000000eb500000,0x00000000eb500000,0x00000000f5900000)
  from space 12288K, 88% used [0x00000000f6600000,0x00000000f7097138,0x00000000f7200000)
  to   space 13312K, 0% used [0x00000000f5900000,0x00000000f5900000,0x00000000f6600000)
 ParOldGen       total 30720K, used 16620K [0x00000000c1e00000, 0x00000000c3c00000, 0x00000000eb500000)
  object space 30720K, 54% used [0x00000000c1e00000,0x00000000c2e3b1f8,0x00000000c3c00000)
 Metaspace       used 33835K, capacity 35382K, committed 35456K, reserved 1079296K
  class space    used 4423K, capacity 4719K, committed 4736K, reserved 1048576K
Event: 11.442 GC heap after
Heap after GC invocations=12 (full 2):
 PSYoungGen      total 180224K, used 0K [0x00000000eb500000, 0x00000000f7f80000, 0x0000000100000000)
  eden space 167936K, 0% used [0x00000000eb500000,0x00000000eb500000,0x00000000f5900000)
  from space 12288K, 0% used [0x00000000f6600000,0x00000000f6600000,0x00000000f7200000)
  to   space 13312K, 0% used [0x00000000f5900000,0x00000000f5900000,0x00000000f6600000)
 ParOldGen       total 48640K, used 17831K [0x00000000c1e00000, 0x00000000c4d80000, 0x00000000eb500000)
  object space 48640K, 36% used [0x00000000c1e00000,0x00000000c2f69ee0,0x00000000c4d80000)
 Metaspace       used 33835K, capacity 35382K, committed 35456K, reserved 1079296K
  class space    used 4423K, capacity 4719K, committed 4736K, reserved 1048576K
}
Event: 16.123 GC heap before
{Heap before GC invocations=13 (full 2):
 PSYoungGen      total 180224K, used 167936K [0x00000000eb500000, 0x00000000f7f80000, 0x0000000100000000)
  eden space 167936K, 100% used [0x00000000eb500000,0x00000000f5900000,0x00000000f5900000)
  from space 12288K, 0% used [0x00000000f6600000,0x00000000f6600000,0x00000000f7200000)
  to   space 13312K, 0% used [0x00000000f5900000,0x00000000f5900000,0x00000000f6600000)
 ParOldGen       total 48640K, used 17831K [0x00000000c1e00000, 0x00000000c4d80000, 0x00000000eb500000)
  object space 48640K, 36% used [0x00000000c1e00000,0x00000000c2f69ee0,0x00000000c4d80000)
 Metaspace       used 53168K, capacity 55540K, committed 55680K, reserved 1097728K
  class space    used 7348K, capacity 7760K, committed 7808K, reserved 1048576K
Event: 16.162 GC heap after
Heap after GC invocations=13 (full 2):
 PSYoungGen      total 181248K, used 13292K [0x00000000eb500000, 0x00000000fba80000, 0x0000000100000000)
  eden space 167936K, 0% used [0x00000000eb500000,0x00000000eb500000,0x00000000f5900000)
  from space 13312K, 99% used [0x00000000f5900000,0x00000000f65fb1f8,0x00000000f6600000)
  to   space 18432K, 0% used [0x00000000fa880000,0x00000000fa880000,0x00000000fba80000)
 ParOldGen       total 48640K, used 26570K [0x00000000c1e00000, 0x00000000c4d80000, 0x00000000eb500000)
  object space 48640K, 54% used [0x00000000c1e00000,0x00000000c37f2960,0x00000000c4d80000)
 Metaspace       used 53168K, capacity 55540K, committed 55680K, reserved 1097728K
  class space    used 7348K, capacity 7760K, committed 7808K, reserved 1048576K
}

