# JRE version: Java(TM) SE Runtime Environment (8.0_131-b11) (build 1.8.0_131-b11)
# Java VM: Java HotSpot(TM) 64-Bit Server VM (25.131-b11 mixed mode windows-amd64 compressed oops)
Heap:
 PSYoungGen      total 311808K, used 191071K [0x00000000eb500000, 0x00000000ff680000, 0x0000000100000000)
  eden space 296448K, 64% used [0x00000000eb500000,0x00000000f6f97f30,0x00000000fd680000)
  from space 15360K, 0% used [0x00000000fe780000,0x00000000fe780000,0x00000000ff680000)
  to   space 16384K, 0% used [0x00000000fd680000,0x00000000fd680000,0x00000000fe680000)
 ParOldGen       total 65536K, used 24198K [0x00000000c1e00000, 0x00000000c5e00000, 0x00000000eb500000)
  object space 65536K, 36% used [0x00000000c1e00000,0x00000000c35a1a90,0x00000000c5e00000)
 Metaspace       used 60059K, capacity 62960K, committed 63232K, reserved 1103872K
  class space    used 8118K, capacity 8640K, committed 8704K, reserved 1048576K
GC Heap History (10 events):
Event: 460.306 GC heap before
{Heap before GC invocations=15 (full 3):
 PSYoungGen      total 224768K, used 4738K [0x00000000eb500000, 0x00000000fa900000, 0x0000000100000000)
  eden space 214016K, 0% used [0x00000000eb500000,0x00000000eb500000,0x00000000f8600000)
  from space 10752K, 44% used [0x00000000f9e80000,0x00000000fa320840,0x00000000fa900000)
  to   space 17920K, 0% used [0x00000000f8600000,0x00000000f8600000,0x00000000f9780000)
 ParOldGen       total 49152K, used 31655K [0x00000000c1e00000, 0x00000000c4e00000, 0x00000000eb500000)
  object space 49152K, 64% used [0x00000000c1e00000,0x00000000c3ce9d10,0x00000000c4e00000)
 Metaspace       used 56407K, capacity 58962K, committed 59096K, reserved 1099776K
  class space    used 7782K, capacity 8221K, committed 8320K, reserved 1048576K
Event: 460.515 GC heap after
Heap after GC invocations=15 (full 3):
 PSYoungGen      total 224768K, used 0K [0x00000000eb500000, 0x00000000fa900000, 0x0000000100000000)
  eden space 214016K, 0% used [0x00000000eb500000,0x00000000eb500000,0x00000000f8600000)
  from space 10752K, 0% used [0x00000000f9e80000,0x00000000f9e80000,0x00000000fa900000)
  to   space 17920K, 0% used [0x00000000f8600000,0x00000000f8600000,0x00000000f9780000)
 ParOldGen       total 65536K, used 24845K [0x00000000c1e00000, 0x00000000c5e00000, 0x00000000eb500000)
  object space 65536K, 37% used [0x00000000c1e00000,0x00000000c36434a8,0x00000000c5e00000)
 Metaspace       used 56407K, capacity 58962K, committed 59096K, reserved 1099776K
  class space    used 7782K, capacity 8221K, committed 8320K, reserved 1048576K
}
Event: 2264.950 GC heap before
{Heap before GC invocations=16 (full 3):
 PSYoungGen      total 224768K, used 87587K [0x00000000eb500000, 0x00000000fa900000, 0x0000000100000000)
  eden space 214016K, 40% used [0x00000000eb500000,0x00000000f0a88f00,0x00000000f8600000)
  from space 10752K, 0% used [0x00000000f9e80000,0x00000000f9e80000,0x00000000fa900000)
  to   space 17920K, 0% used [0x00000000f8600000,0x00000000f8600000,0x00000000f9780000)
 ParOldGen       total 65536K, used 24845K [0x00000000c1e00000, 0x00000000c5e00000, 0x00000000eb500000)
  object space 65536K, 37% used [0x00000000c1e00000,0x00000000c36434a8,0x00000000c5e00000)
 Metaspace       used 58914K, capacity 61590K, committed 61824K, reserved 1101824K
  class space    used 8090K, capacity 8566K, committed 8576K, reserved 1048576K
Event: 2264.986 GC heap after
Heap after GC invocations=16 (full 3):
 PSYoungGen      total 231936K, used 2703K [0x00000000eb500000, 0x00000000ff880000, 0x0000000100000000)
  eden space 214016K, 0% used [0x00000000eb500000,0x00000000eb500000,0x00000000f8600000)
  from space 17920K, 15% used [0x00000000f8600000,0x00000000f88a3ee0,0x00000000f9780000)
  to   space 17408K, 0% used [0x00000000fe780000,0x00000000fe780000,0x00000000ff880000)
 ParOldGen       total 65536K, used 24853K [0x00000000c1e00000, 0x00000000c5e00000, 0x00000000eb500000)
  object space 65536K, 37% used [0x00000000c1e00000,0x00000000c36454a8,0x00000000c5e00000)
 Metaspace       used 58914K, capacity 61590K, committed 61824K, reserved 1101824K
  class space    used 8090K, capacity 8566K, committed 8576K, reserved 1048576K
}
Event: 2264.986 GC heap before
{Heap before GC invocations=17 (full 4):
 PSYoungGen      total 231936K, used 2703K [0x00000000eb500000, 0x00000000ff880000, 0x0000000100000000)
  eden space 214016K, 0% used [0x00000000eb500000,0x00000000eb500000,0x00000000f8600000)
  from space 17920K, 15% used [0x00000000f8600000,0x00000000f88a3ee0,0x00000000f9780000)
  to   space 17408K, 0% used [0x00000000fe780000,0x00000000fe780000,0x00000000ff880000)
 ParOldGen       total 65536K, used 24853K [0x00000000c1e00000, 0x00000000c5e00000, 0x00000000eb500000)
  object space 65536K, 37% used [0x00000000c1e00000,0x00000000c36454a8,0x00000000c5e00000)
 Metaspace       used 58914K, capacity 61590K, committed 61824K, reserved 1101824K
  class space    used 8090K, capacity 8566K, committed 8576K, reserved 1048576K
Event: 2265.188 GC heap after
Heap after GC invocations=17 (full 4):
 PSYoungGen      total 231936K, used 0K [0x00000000eb500000, 0x00000000ff880000, 0x0000000100000000)
  eden space 214016K, 0% used [0x00000000eb500000,0x00000000eb500000,0x00000000f8600000)
  from space 17920K, 0% used [0x00000000f8600000,0x00000000f8600000,0x00000000f9780000)
  to   space 17408K, 0% used [0x00000000fe780000,0x00000000fe780000,0x00000000ff880000)
 ParOldGen       total 65536K, used 20234K [0x00000000c1e00000, 0x00000000c5e00000, 0x00000000eb500000)
  object space 65536K, 30% used [0x00000000c1e00000,0x00000000c31c2be0,0x00000000c5e00000)
 Metaspace       used 58702K, capacity 61258K, committed 61824K, reserved 1101824K
  class space    used 8057K, capacity 8506K, committed 8576K, reserved 1048576K
}
Event: 2324.999 GC heap before
{Heap before GC invocations=18 (full 4):
 PSYoungGen      total 231936K, used 149359K [0x00000000eb500000, 0x00000000ff880000, 0x0000000100000000)
  eden space 214016K, 69% used [0x00000000eb500000,0x00000000f46dbd90,0x00000000f8600000)
  from space 17920K, 0% used [0x00000000f8600000,0x00000000f8600000,0x00000000f9780000)
  to   space 17408K, 0% used [0x00000000fe780000,0x00000000fe780000,0x00000000ff880000)
 ParOldGen       total 65536K, used 20234K [0x00000000c1e00000, 0x00000000c5e00000, 0x00000000eb500000)
  object space 65536K, 30% used [0x00000000c1e00000,0x00000000c31c2be0,0x00000000c5e00000)
 Metaspace       used 59419K, capacity 62202K, committed 62464K, reserved 1103872K
  class space    used 8090K, capacity 8585K, committed 8704K, reserved 1048576K
Event: 2325.041 GC heap after
Heap after GC invocations=18 (full 4):
 PSYoungGen      total 311808K, used 6993K [0x00000000eb500000, 0x00000000ff680000, 0x0000000100000000)
  eden space 296448K, 0% used [0x00000000eb500000,0x00000000eb500000,0x00000000fd680000)
  from space 15360K, 45% used [0x00000000fe780000,0x00000000fee54708,0x00000000ff680000)
  to   space 16384K, 0% used [0x00000000fd680000,0x00000000fd680000,0x00000000fe680000)
 ParOldGen       total 65536K, used 20242K [0x00000000c1e00000, 0x00000000c5e00000, 0x00000000eb500000)
  object space 65536K, 30% used [0x00000000c1e00000,0x00000000c31c4be0,0x00000000c5e00000)
 Metaspace       used 59419K, capacity 62202K, committed 62464K, reserved 1103872K
  class space    used 8090K, capacity 8585K, committed 8704K, reserved 1048576K
}
Event: 2325.041 GC heap before
{Heap before GC invocations=19 (full 5):
 PSYoungGen      total 311808K, used 6993K [0x00000000eb500000, 0x00000000ff680000, 0x0000000100000000)
  eden space 296448K, 0% used [0x00000000eb500000,0x00000000eb500000,0x00000000fd680000)
  from space 15360K, 45% used [0x00000000fe780000,0x00000000fee54708,0x00000000ff680000)
  to   space 16384K, 0% used [0x00000000fd680000,0x00000000fd680000,0x00000000fe680000)
 ParOldGen       total 65536K, used 20242K [0x00000000c1e00000, 0x00000000c5e00000, 0x00000000eb500000)
  object space 65536K, 30% used [0x00000000c1e00000,0x00000000c31c4be0,0x00000000c5e00000)
 Metaspace       used 59419K, capacity 62202K, committed 62464K, reserved 1103872K
  class space    used 8090K, capacity 8585K, committed 8704K, reserved 1048576K
Event: 2325.305 GC heap after
Heap after GC invocations=19 (full 5):
 PSYoungGen      total 311808K, used 0K [0x00000000eb500000, 0x00000000ff680000, 0x0000000100000000)
  eden space 296448K, 0% used [0x00000000eb500000,0x00000000eb500000,0x00000000fd680000)
  from space 15360K, 0% used [0x00000000fe780000,0x00000000fe780000,0x00000000ff680000)
  to   space 16384K, 0% used [0x00000000fd680000,0x00000000fd680000,0x00000000fe680000)
 ParOldGen       total 65536K, used 24198K [0x00000000c1e00000, 0x00000000c5e00000, 0x00000000eb500000)
  object space 65536K, 36% used [0x00000000c1e00000,0x00000000c35a1a90,0x00000000c5e00000)
 Metaspace       used 59419K, capacity 62202K, committed 62464K, reserved 1103872K
  class space    used 8090K, capacity 8585K, committed 8704K, reserved 1048576K
}

